Not searching for unused variables given on the command line.
[36m--[0m The CXX compiler identification is GNU 9.4.0
[36m--[0m Check for working CXX compiler: /usr/lib/ccache/c++
[36m--[0m Check for working CXX compiler: /usr/lib/ccache/c++ -- works
[36m--[0m Detecting CXX compiler ABI info
[36m--[0m Detecting CXX compiler ABI info - done
[36m--[0m Detecting CXX compile features
[36m--[0m Detecting CXX compile features - done
[36m--[0m Set RPATH explicitly to '/home/hemanth_patel/catkin_ws_4/devel/lib'
[36m--[0m Performing Test _compiler_supports_sse
[36m--[0m Performing Test _compiler_supports_sse - Success
[36m--[0m FCL uses OctoMap
[36m--[0m Performing Test COMPILER_SUPPORTS_VISIBILITY
[36m--[0m Performing Test COMPILER_SUPPORTS_VISIBILITY - Success
[36m--[0m Performing Test COMPILER_HAS_HIDDEN_VISIBILITY
[36m--[0m Performing Test COMPILER_HAS_HIDDEN_VISIBILITY - Success
[36m--[0m Performing Test COMPILER_HAS_HIDDEN_INLINE_VISIBILITY
[36m--[0m Performing Test COMPILER_HAS_HIDDEN_INLINE_VISIBILITY - Success
[36m--[0m Performing Test COMPILER_HAS_DEPRECATED_ATTR
[36m--[0m Performing Test COMPILER_HAS_DEPRECATED_ATTR - Success
[36m--[0m Configuring done
[36m--[0m Generating done
[36m--[0m Build files have been written to: /home/hemanth_patel/catkin_ws_4/build/fcl
