[  1%] Built target gtest
[  2%] Built target gtest_main
[ 58%] Built target fcl
[ 59%] Built target test_fcl_utility
[ 60%] Built target test_fcl_octomap_distance
[ 61%] Built target test_fcl_capsule_capsule
[ 62%] Built target test_fcl_bvh_models
[ 63%] Built target test_fcl_octomap_collision
[ 64%] Built target test_fcl_sphere_cylinder
[ 65%] Built target test_fcl_broadphase_collision_2
[ 66%] Built target test_fcl_broadphase_distance
[ 67%] Built target test_fcl_capsule_box_2
[ 68%] Built target test_fcl_box_box
[ 69%] Built target test_fcl_octomap_cost
[ 70%] Built target test_fcl_auto_diff
[ 71%] Built target test_fcl_broadphase_collision_1
[ 72%] Built target test_fcl_cylinder_half_space
[ 73%] Built target test_fcl_shape_mesh_consistency
[ 74%] Built target test_fcl_sphere_box
[ 75%] Built target test_fcl_capsule_box_1
[ 76%] Built target test_fcl_distance
[ 77%] Built target test_fcl_constant_eps
[ 78%] Built target test_fcl_collision
[ 79%] Built target test_fcl_frontlist
[ 80%] Built target test_fcl_general
[ 81%] Built target test_fcl_sphere_capsule
[ 82%] Built target test_fcl_geometric_shapes
[ 83%] Built target test_fcl_signed_distance
[ 84%] Built target test_fcl_math
[ 85%] Built target test_fcl_profiler
[ 86%] Built target test_fcl_simple
[ 87%] Built target test_fcl_generate_bvh_model_deferred_finalize
[ 88%] Built target test_fcl_sphere_sphere
[ 89%] Built target test_capsule
[ 90%] Built target test_convex
[ 91%] Built target test_collision_func_matrix
[ 92%] Built target test_gjk_libccd-inl_gjk_initializer
[ 93%] Built target test_gjk_libccd-inl_gjk_doSimplex2
[ 94%] Built target test_gjk_libccd-inl_signed_distance
[ 95%] Built target test_gjk_libccd-inl_extractClosestPoints
[ 96%] Built target test_gjk_libccd-inl_epa
[ 97%] Built target test_half_space_convex
[ 98%] Built target test_sphere_cylinder
[ 99%] Built target test_sphere_box
[100%] Built target test_broadphase_dynamic_AABB_tree
