[ 56%] Built target fcl
[ 57%] Built target gtest
[ 58%] Built target test_fcl_utility
[ 59%] Built target test_fcl_octomap_distance
[ 60%] Built target test_fcl_octomap_collision
[ 61%] Built target test_fcl_capsule_capsule
[ 62%] Built target test_fcl_bvh_models
[ 63%] Built target test_fcl_sphere_cylinder
[ 64%] Built target test_fcl_broadphase_collision_2
[ 65%] Built target test_fcl_broadphase_distance
[ 66%] Built target test_fcl_capsule_box_2
[ 67%] Built target test_fcl_box_box
[ 68%] Built target test_fcl_broadphase_collision_1
[ 69%] Built target test_fcl_octomap_cost
[ 70%] Built target test_fcl_auto_diff
[ 71%] Built target test_fcl_cylinder_half_space
[ 72%] Built target test_fcl_capsule_box_1
[ 73%] Built target gtest_main
[ 74%] Built target test_fcl_shape_mesh_consistency
[ 75%] Built target test_fcl_sphere_box
[ 76%] Built target test_fcl_distance
[ 77%] Built target test_fcl_collision
[ 78%] Built target test_fcl_constant_eps
[ 79%] Built target test_fcl_frontlist
[ 80%] Built target test_fcl_general
[ 81%] Built target test_fcl_geometric_shapes
[ 82%] Built target test_fcl_signed_distance
[ 83%] Built target test_fcl_sphere_capsule
[ 84%] Built target test_fcl_math
[ 85%] Built target test_fcl_profiler
[ 86%] Built target test_fcl_simple
[ 87%] Built target test_fcl_generate_bvh_model_deferred_finalize
[ 88%] Built target test_fcl_sphere_sphere
[ 89%] Built target test_capsule
[ 90%] Built target test_convex
[ 91%] Built target test_collision_func_matrix
[ 92%] Built target test_gjk_libccd-inl_signed_distance
[ 93%] Built target test_gjk_libccd-inl_gjk_initializer
[ 94%] Built target test_gjk_libccd-inl_gjk_doSimplex2
[ 95%] Built target test_gjk_libccd-inl_extractClosestPoints
[ 96%] Built target test_gjk_libccd-inl_epa
[ 97%] Built target test_half_space_convex
[ 98%] Built target test_sphere_cylinder
[ 99%] Built target test_sphere_box
[100%] Built target test_broadphase_dynamic_AABB_tree
[36mInstall the project...[0m
-- Install configuration: "Release"
-- Installing: /home/hemanth_patel/catkin_ws_4/devel/lib/cmake/fcl/fcl-config.cmake
-- Installing: /home/hemanth_patel/catkin_ws_4/devel/lib/cmake/fcl/fcl-config-version.cmake
-- Installing: /home/hemanth_patel/catkin_ws_4/devel/lib/pkgconfig/fcl.pc
-- Installing: /home/hemanth_patel/catkin_ws_4/devel/share/fcl/package.xml
-- Installing: /home/hemanth_patel/catkin_ws_4/devel/lib/libfcl.so.0.7.0
-- Installing: /home/hemanth_patel/catkin_ws_4/devel/lib/libfcl.so.0.7
-- Set runtime path of "/home/hemanth_patel/catkin_ws_4/devel/lib/libfcl.so.0.7.0" to "/home/hemanth_patel/catkin_ws_4/devel/lib:/usr/local/lib"
-- Installing: /home/hemanth_patel/catkin_ws_4/devel/lib/libfcl.so
-- Installing: /home/hemanth_patel/catkin_ws_4/devel/lib/cmake/fcl/fcl-targets.cmake
-- Installing: /home/hemanth_patel/catkin_ws_4/devel/lib/cmake/fcl/fcl-targets-release.cmake
-- Up-to-date: /home/hemanth_patel/catkin_ws_4/devel/include
-- Installing: /home/hemanth_patel/catkin_ws_4/devel/include/fcl
-- Installing: /home/hemanth_patel/catkin_ws_4/devel/include/fcl/export.h
-- Installing: /home/hemanth_patel/catkin_ws_4/devel/include/fcl/fcl.h
-- Installing: /home/hemanth_patel/catkin_ws_4/devel/include/fcl/config.h
-- Up-to-date: /home/hemanth_patel/catkin_ws_4/devel/include
-- Up-to-date: /home/hemanth_patel/catkin_ws_4/devel/include/fcl
-- Installing: /home/hemanth_patel/catkin_ws_4/devel/include/fcl/common
-- Installing: /home/hemanth_patel/catkin_ws_4/devel/include/fcl/common/profiler.h
-- Installing: /home/hemanth_patel/catkin_ws_4/devel/include/fcl/common/types.h
-- Installing: /home/hemanth_patel/catkin_ws_4/devel/include/fcl/common/warning.h
-- Installing: /home/hemanth_patel/catkin_ws_4/devel/include/fcl/common/time.h
-- Installing: /home/hemanth_patel/catkin_ws_4/devel/include/fcl/common/exception.h
-- Installing: /home/hemanth_patel/catkin_ws_4/devel/include/fcl/common/detail
-- Installing: /home/hemanth_patel/catkin_ws_4/devel/include/fcl/common/detail/profiler.h
-- Installing: /home/hemanth_patel/catkin_ws_4/devel/include/fcl/common/unused.h
-- Installing: /home/hemanth_patel/catkin_ws_4/devel/include/fcl/geometry
-- Installing: /home/hemanth_patel/catkin_ws_4/devel/include/fcl/geometry/bvh
-- Installing: /home/hemanth_patel/catkin_ws_4/devel/include/fcl/geometry/bvh/BV_node.h
-- Installing: /home/hemanth_patel/catkin_ws_4/devel/include/fcl/geometry/bvh/BVH_utility.h
-- Installing: /home/hemanth_patel/catkin_ws_4/devel/include/fcl/geometry/bvh/BVH_internal.h
-- Installing: /home/hemanth_patel/catkin_ws_4/devel/include/fcl/geometry/bvh/BV_node_base.h
-- Installing: /home/hemanth_patel/catkin_ws_4/devel/include/fcl/geometry/bvh/BV_node-inl.h
-- Installing: /home/hemanth_patel/catkin_ws_4/devel/include/fcl/geometry/bvh/BVH_model-inl.h
-- Installing: /home/hemanth_patel/catkin_ws_4/devel/include/fcl/geometry/bvh/detail
-- Installing: /home/hemanth_patel/catkin_ws_4/devel/include/fcl/geometry/bvh/detail/BV_splitter_base.h
-- Installing: /home/hemanth_patel/catkin_ws_4/devel/include/fcl/geometry/bvh/detail/BV_fitter_base.h
-- Installing: /home/hemanth_patel/catkin_ws_4/devel/include/fcl/geometry/bvh/detail/BV_splitter.h
-- Installing: /home/hemanth_patel/catkin_ws_4/devel/include/fcl/geometry/bvh/detail/BV_fitter-inl.h
-- Installing: /home/hemanth_patel/catkin_ws_4/devel/include/fcl/geometry/bvh/detail/BV_splitter-inl.h
-- Installing: /home/hemanth_patel/catkin_ws_4/devel/include/fcl/geometry/bvh/detail/BVH_front.h
-- Installing: /home/hemanth_patel/catkin_ws_4/devel/include/fcl/geometry/bvh/detail/BV_fitter.h
-- Installing: /home/hemanth_patel/catkin_ws_4/devel/include/fcl/geometry/bvh/BVH_model.h
-- Installing: /home/hemanth_patel/catkin_ws_4/devel/include/fcl/geometry/bvh/BVH_utility-inl.h
-- Installing: /home/hemanth_patel/catkin_ws_4/devel/include/fcl/geometry/octree
-- Installing: /home/hemanth_patel/catkin_ws_4/devel/include/fcl/geometry/octree/octree.h
-- Installing: /home/hemanth_patel/catkin_ws_4/devel/include/fcl/geometry/octree/octree-inl.h
-- Installing: /home/hemanth_patel/catkin_ws_4/devel/include/fcl/geometry/collision_geometry-inl.h
-- Installing: /home/hemanth_patel/catkin_ws_4/devel/include/fcl/geometry/shape
-- Installing: /home/hemanth_patel/catkin_ws_4/devel/include/fcl/geometry/shape/sphere.h
-- Installing: /home/hemanth_patel/catkin_ws_4/devel/include/fcl/geometry/shape/capsule-inl.h
-- Installing: /home/hemanth_patel/catkin_ws_4/devel/include/fcl/geometry/shape/halfspace.h
-- Installing: /home/hemanth_patel/catkin_ws_4/devel/include/fcl/geometry/shape/sphere-inl.h
-- Installing: /home/hemanth_patel/catkin_ws_4/devel/include/fcl/geometry/shape/box.h
-- Installing: /home/hemanth_patel/catkin_ws_4/devel/include/fcl/geometry/shape/cone-inl.h
-- Installing: /home/hemanth_patel/catkin_ws_4/devel/include/fcl/geometry/shape/capsule.h
-- Installing: /home/hemanth_patel/catkin_ws_4/devel/include/fcl/geometry/shape/ellipsoid-inl.h
-- Installing: /home/hemanth_patel/catkin_ws_4/devel/include/fcl/geometry/shape/box-inl.h
-- Installing: /home/hemanth_patel/catkin_ws_4/devel/include/fcl/geometry/shape/triangle_p-inl.h
-- Installing: /home/hemanth_patel/catkin_ws_4/devel/include/fcl/geometry/shape/cone.h
-- Installing: /home/hemanth_patel/catkin_ws_4/devel/include/fcl/geometry/shape/triangle_p.h
-- Installing: /home/hemanth_patel/catkin_ws_4/devel/include/fcl/geometry/shape/convex.h
-- Installing: /home/hemanth_patel/catkin_ws_4/devel/include/fcl/geometry/shape/utility.h
-- Installing: /home/hemanth_patel/catkin_ws_4/devel/include/fcl/geometry/shape/cylinder.h
-- Installing: /home/hemanth_patel/catkin_ws_4/devel/include/fcl/geometry/shape/ellipsoid.h
-- Installing: /home/hemanth_patel/catkin_ws_4/devel/include/fcl/geometry/shape/halfspace-inl.h
-- Installing: /home/hemanth_patel/catkin_ws_4/devel/include/fcl/geometry/shape/plane.h
-- Installing: /home/hemanth_patel/catkin_ws_4/devel/include/fcl/geometry/shape/shape_base-inl.h
-- Installing: /home/hemanth_patel/catkin_ws_4/devel/include/fcl/geometry/shape/plane-inl.h
-- Installing: /home/hemanth_patel/catkin_ws_4/devel/include/fcl/geometry/shape/utility-inl.h
-- Installing: /home/hemanth_patel/catkin_ws_4/devel/include/fcl/geometry/shape/cylinder-inl.h
-- Installing: /home/hemanth_patel/catkin_ws_4/devel/include/fcl/geometry/shape/convex-inl.h
-- Installing: /home/hemanth_patel/catkin_ws_4/devel/include/fcl/geometry/shape/shape_base.h
-- Installing: /home/hemanth_patel/catkin_ws_4/devel/include/fcl/geometry/collision_geometry.h
-- Installing: /home/hemanth_patel/catkin_ws_4/devel/include/fcl/geometry/geometric_shape_to_BVH_model.h
-- Installing: /home/hemanth_patel/catkin_ws_4/devel/include/fcl/geometry/geometric_shape_to_BVH_model-inl.h
-- Installing: /home/hemanth_patel/catkin_ws_4/devel/include/fcl/narrowphase
-- Installing: /home/hemanth_patel/catkin_ws_4/devel/include/fcl/narrowphase/collision.h
-- Installing: /home/hemanth_patel/catkin_ws_4/devel/include/fcl/narrowphase/collision_object.h
-- Installing: /home/hemanth_patel/catkin_ws_4/devel/include/fcl/narrowphase/distance_request.h
-- Installing: /home/hemanth_patel/catkin_ws_4/devel/include/fcl/narrowphase/distance_result-inl.h
-- Installing: /home/hemanth_patel/catkin_ws_4/devel/include/fcl/narrowphase/continuous_collision_request.h
-- Installing: /home/hemanth_patel/catkin_ws_4/devel/include/fcl/narrowphase/collision_request-inl.h
-- Installing: /home/hemanth_patel/catkin_ws_4/devel/include/fcl/narrowphase/collision-inl.h
-- Installing: /home/hemanth_patel/catkin_ws_4/devel/include/fcl/narrowphase/contact-inl.h
-- Installing: /home/hemanth_patel/catkin_ws_4/devel/include/fcl/narrowphase/contact.h
-- Installing: /home/hemanth_patel/catkin_ws_4/devel/include/fcl/narrowphase/continuous_collision_result-inl.h
-- Installing: /home/hemanth_patel/catkin_ws_4/devel/include/fcl/narrowphase/contact_point-inl.h
-- Installing: /home/hemanth_patel/catkin_ws_4/devel/include/fcl/narrowphase/contact_point.h
-- Installing: /home/hemanth_patel/catkin_ws_4/devel/include/fcl/narrowphase/continuous_collision-inl.h
-- Installing: /home/hemanth_patel/catkin_ws_4/devel/include/fcl/narrowphase/detail
-- Installing: /home/hemanth_patel/catkin_ws_4/devel/include/fcl/narrowphase/detail/gjk_solver_indep.h
-- Installing: /home/hemanth_patel/catkin_ws_4/devel/include/fcl/narrowphase/detail/gjk_solver_libccd.h
-- Installing: /home/hemanth_patel/catkin_ws_4/devel/include/fcl/narrowphase/detail/traversal
-- Installing: /home/hemanth_patel/catkin_ws_4/devel/include/fcl/narrowphase/detail/traversal/collision_node-inl.h
-- Installing: /home/hemanth_patel/catkin_ws_4/devel/include/fcl/narrowphase/detail/traversal/collision_node.h
-- Installing: /home/hemanth_patel/catkin_ws_4/devel/include/fcl/narrowphase/detail/traversal/traversal_recurse-inl.h
-- Installing: /home/hemanth_patel/catkin_ws_4/devel/include/fcl/narrowphase/detail/traversal/traversal_node_base.h
-- Installing: /home/hemanth_patel/catkin_ws_4/devel/include/fcl/narrowphase/detail/traversal/distance
-- Installing: /home/hemanth_patel/catkin_ws_4/devel/include/fcl/narrowphase/detail/traversal/distance/conservative_advancement_stack_data-inl.h
-- Installing: /home/hemanth_patel/catkin_ws_4/devel/include/fcl/narrowphase/detail/traversal/distance/shape_conservative_advancement_traversal_node-inl.h
-- Installing: /home/hemanth_patel/catkin_ws_4/devel/include/fcl/narrowphase/detail/traversal/distance/mesh_shape_conservative_advancement_traversal_node-inl.h
-- Installing: /home/hemanth_patel/catkin_ws_4/devel/include/fcl/narrowphase/detail/traversal/distance/mesh_distance_traversal_node.h
-- Installing: /home/hemanth_patel/catkin_ws_4/devel/include/fcl/narrowphase/detail/traversal/distance/bvh_distance_traversal_node.h
-- Installing: /home/hemanth_patel/catkin_ws_4/devel/include/fcl/narrowphase/detail/traversal/distance/shape_mesh_conservative_advancement_traversal_node-inl.h
-- Installing: /home/hemanth_patel/catkin_ws_4/devel/include/fcl/narrowphase/detail/traversal/distance/shape_distance_traversal_node-inl.h
-- Installing: /home/hemanth_patel/catkin_ws_4/devel/include/fcl/narrowphase/detail/traversal/distance/conservative_advancement_stack_data.h
-- Installing: /home/hemanth_patel/catkin_ws_4/devel/include/fcl/narrowphase/detail/traversal/distance/mesh_shape_conservative_advancement_traversal_node.h
-- Installing: /home/hemanth_patel/catkin_ws_4/devel/include/fcl/narrowphase/detail/traversal/distance/mesh_conservative_advancement_traversal_node.h
-- Installing: /home/hemanth_patel/catkin_ws_4/devel/include/fcl/narrowphase/detail/traversal/distance/mesh_shape_distance_traversal_node-inl.h
-- Installing: /home/hemanth_patel/catkin_ws_4/devel/include/fcl/narrowphase/detail/traversal/distance/bvh_distance_traversal_node-inl.h
-- Installing: /home/hemanth_patel/catkin_ws_4/devel/include/fcl/narrowphase/detail/traversal/distance/shape_conservative_advancement_traversal_node.h
-- Installing: /home/hemanth_patel/catkin_ws_4/devel/include/fcl/narrowphase/detail/traversal/distance/shape_distance_traversal_node.h
-- Installing: /home/hemanth_patel/catkin_ws_4/devel/include/fcl/narrowphase/detail/traversal/distance/bvh_shape_distance_traversal_node.h
-- Installing: /home/hemanth_patel/catkin_ws_4/devel/include/fcl/narrowphase/detail/traversal/distance/shape_mesh_distance_traversal_node.h
-- Installing: /home/hemanth_patel/catkin_ws_4/devel/include/fcl/narrowphase/detail/traversal/distance/shape_bvh_distance_traversal_node.h
-- Installing: /home/hemanth_patel/catkin_ws_4/devel/include/fcl/narrowphase/detail/traversal/distance/shape_mesh_distance_traversal_node-inl.h
-- Installing: /home/hemanth_patel/catkin_ws_4/devel/include/fcl/narrowphase/detail/traversal/distance/mesh_conservative_advancement_traversal_node-inl.h
-- Installing: /home/hemanth_patel/catkin_ws_4/devel/include/fcl/narrowphase/detail/traversal/distance/distance_traversal_node_base.h
-- Installing: /home/hemanth_patel/catkin_ws_4/devel/include/fcl/narrowphase/detail/traversal/distance/mesh_distance_traversal_node-inl.h
-- Installing: /home/hemanth_patel/catkin_ws_4/devel/include/fcl/narrowphase/detail/traversal/distance/bvh_shape_distance_traversal_node-inl.h
-- Installing: /home/hemanth_patel/catkin_ws_4/devel/include/fcl/narrowphase/detail/traversal/distance/shape_bvh_distance_traversal_node-inl.h
-- Installing: /home/hemanth_patel/catkin_ws_4/devel/include/fcl/narrowphase/detail/traversal/distance/distance_traversal_node_base-inl.h
-- Installing: /home/hemanth_patel/catkin_ws_4/devel/include/fcl/narrowphase/detail/traversal/distance/shape_mesh_conservative_advancement_traversal_node.h
-- Installing: /home/hemanth_patel/catkin_ws_4/devel/include/fcl/narrowphase/detail/traversal/distance/mesh_shape_distance_traversal_node.h
-- Installing: /home/hemanth_patel/catkin_ws_4/devel/include/fcl/narrowphase/detail/traversal/octree
-- Installing: /home/hemanth_patel/catkin_ws_4/devel/include/fcl/narrowphase/detail/traversal/octree/octree_solver-inl.h
-- Installing: /home/hemanth_patel/catkin_ws_4/devel/include/fcl/narrowphase/detail/traversal/octree/distance
-- Installing: /home/hemanth_patel/catkin_ws_4/devel/include/fcl/narrowphase/detail/traversal/octree/distance/octree_shape_distance_traversal_node.h
-- Installing: /home/hemanth_patel/catkin_ws_4/devel/include/fcl/narrowphase/detail/traversal/octree/distance/octree_distance_traversal_node.h
-- Installing: /home/hemanth_patel/catkin_ws_4/devel/include/fcl/narrowphase/detail/traversal/octree/distance/mesh_octree_distance_traversal_node-inl.h
-- Installing: /home/hemanth_patel/catkin_ws_4/devel/include/fcl/narrowphase/detail/traversal/octree/distance/shape_octree_distance_traversal_node-inl.h
-- Installing: /home/hemanth_patel/catkin_ws_4/devel/include/fcl/narrowphase/detail/traversal/octree/distance/mesh_octree_distance_traversal_node.h
-- Installing: /home/hemanth_patel/catkin_ws_4/devel/include/fcl/narrowphase/detail/traversal/octree/distance/octree_distance_traversal_node-inl.h
-- Installing: /home/hemanth_patel/catkin_ws_4/devel/include/fcl/narrowphase/detail/traversal/octree/distance/octree_mesh_distance_traversal_node-inl.h
-- Installing: /home/hemanth_patel/catkin_ws_4/devel/include/fcl/narrowphase/detail/traversal/octree/distance/octree_shape_distance_traversal_node-inl.h
-- Installing: /home/hemanth_patel/catkin_ws_4/devel/include/fcl/narrowphase/detail/traversal/octree/distance/octree_mesh_distance_traversal_node.h
-- Installing: /home/hemanth_patel/catkin_ws_4/devel/include/fcl/narrowphase/detail/traversal/octree/distance/shape_octree_distance_traversal_node.h
-- Installing: /home/hemanth_patel/catkin_ws_4/devel/include/fcl/narrowphase/detail/traversal/octree/octree_solver.h
-- Installing: /home/hemanth_patel/catkin_ws_4/devel/include/fcl/narrowphase/detail/traversal/octree/collision
-- Installing: /home/hemanth_patel/catkin_ws_4/devel/include/fcl/narrowphase/detail/traversal/octree/collision/octree_mesh_collision_traversal_node-inl.h
-- Installing: /home/hemanth_patel/catkin_ws_4/devel/include/fcl/narrowphase/detail/traversal/octree/collision/shape_octree_collision_traversal_node-inl.h
-- Installing: /home/hemanth_patel/catkin_ws_4/devel/include/fcl/narrowphase/detail/traversal/octree/collision/octree_collision_traversal_node-inl.h
-- Installing: /home/hemanth_patel/catkin_ws_4/devel/include/fcl/narrowphase/detail/traversal/octree/collision/shape_octree_collision_traversal_node.h
-- Installing: /home/hemanth_patel/catkin_ws_4/devel/include/fcl/narrowphase/detail/traversal/octree/collision/mesh_octree_collision_traversal_node.h
-- Installing: /home/hemanth_patel/catkin_ws_4/devel/include/fcl/narrowphase/detail/traversal/octree/collision/mesh_octree_collision_traversal_node-inl.h
-- Installing: /home/hemanth_patel/catkin_ws_4/devel/include/fcl/narrowphase/detail/traversal/octree/collision/octree_shape_collision_traversal_node.h
-- Installing: /home/hemanth_patel/catkin_ws_4/devel/include/fcl/narrowphase/detail/traversal/octree/collision/octree_mesh_collision_traversal_node.h
-- Installing: /home/hemanth_patel/catkin_ws_4/devel/include/fcl/narrowphase/detail/traversal/octree/collision/octree_shape_collision_traversal_node-inl.h
-- Installing: /home/hemanth_patel/catkin_ws_4/devel/include/fcl/narrowphase/detail/traversal/octree/collision/octree_collision_traversal_node.h
-- Installing: /home/hemanth_patel/catkin_ws_4/devel/include/fcl/narrowphase/detail/traversal/traversal_recurse.h
-- Installing: /home/hemanth_patel/catkin_ws_4/devel/include/fcl/narrowphase/detail/traversal/collision
-- Installing: /home/hemanth_patel/catkin_ws_4/devel/include/fcl/narrowphase/detail/traversal/collision/shape_bvh_collision_traversal_node-inl.h
-- Installing: /home/hemanth_patel/catkin_ws_4/devel/include/fcl/narrowphase/detail/traversal/collision/mesh_shape_collision_traversal_node.h
-- Installing: /home/hemanth_patel/catkin_ws_4/devel/include/fcl/narrowphase/detail/traversal/collision/intersect.h
-- Installing: /home/hemanth_patel/catkin_ws_4/devel/include/fcl/narrowphase/detail/traversal/collision/shape_mesh_collision_traversal_node.h
-- Installing: /home/hemanth_patel/catkin_ws_4/devel/include/fcl/narrowphase/detail/traversal/collision/shape_bvh_collision_traversal_node.h
-- Installing: /home/hemanth_patel/catkin_ws_4/devel/include/fcl/narrowphase/detail/traversal/collision/bvh_collision_traversal_node.h
-- Installing: /home/hemanth_patel/catkin_ws_4/devel/include/fcl/narrowphase/detail/traversal/collision/shape_mesh_collision_traversal_node-inl.h
-- Installing: /home/hemanth_patel/catkin_ws_4/devel/include/fcl/narrowphase/detail/traversal/collision/bvh_shape_collision_traversal_node-inl.h
-- Installing: /home/hemanth_patel/catkin_ws_4/devel/include/fcl/narrowphase/detail/traversal/collision/mesh_shape_collision_traversal_node-inl.h
-- Installing: /home/hemanth_patel/catkin_ws_4/devel/include/fcl/narrowphase/detail/traversal/collision/collision_traversal_node_base.h
-- Installing: /home/hemanth_patel/catkin_ws_4/devel/include/fcl/narrowphase/detail/traversal/collision/bvh_collision_traversal_node-inl.h
-- Installing: /home/hemanth_patel/catkin_ws_4/devel/include/fcl/narrowphase/detail/traversal/collision/bvh_shape_collision_traversal_node.h
-- Installing: /home/hemanth_patel/catkin_ws_4/devel/include/fcl/narrowphase/detail/traversal/collision/mesh_collision_traversal_node.h
-- Installing: /home/hemanth_patel/catkin_ws_4/devel/include/fcl/narrowphase/detail/traversal/collision/intersect-inl.h
-- Installing: /home/hemanth_patel/catkin_ws_4/devel/include/fcl/narrowphase/detail/traversal/collision/shape_collision_traversal_node-inl.h
-- Installing: /home/hemanth_patel/catkin_ws_4/devel/include/fcl/narrowphase/detail/traversal/collision/mesh_continuous_collision_traversal_node.h
-- Installing: /home/hemanth_patel/catkin_ws_4/devel/include/fcl/narrowphase/detail/traversal/collision/mesh_continuous_collision_traversal_node-inl.h
-- Installing: /home/hemanth_patel/catkin_ws_4/devel/include/fcl/narrowphase/detail/traversal/collision/collision_traversal_node_base-inl.h
-- Installing: /home/hemanth_patel/catkin_ws_4/devel/include/fcl/narrowphase/detail/traversal/collision/shape_collision_traversal_node.h
-- Installing: /home/hemanth_patel/catkin_ws_4/devel/include/fcl/narrowphase/detail/traversal/collision/mesh_collision_traversal_node-inl.h
-- Installing: /home/hemanth_patel/catkin_ws_4/devel/include/fcl/narrowphase/detail/traversal/traversal_node_base-inl.h
-- Installing: /home/hemanth_patel/catkin_ws_4/devel/include/fcl/narrowphase/detail/gjk_solver_libccd-inl.h
-- Installing: /home/hemanth_patel/catkin_ws_4/devel/include/fcl/narrowphase/detail/conservative_advancement_func_matrix.h
-- Installing: /home/hemanth_patel/catkin_ws_4/devel/include/fcl/narrowphase/detail/distance_func_matrix.h
-- Installing: /home/hemanth_patel/catkin_ws_4/devel/include/fcl/narrowphase/detail/failed_at_this_configuration.h
-- Installing: /home/hemanth_patel/catkin_ws_4/devel/include/fcl/narrowphase/detail/primitive_shape_algorithm
-- Installing: /home/hemanth_patel/catkin_ws_4/devel/include/fcl/narrowphase/detail/primitive_shape_algorithm/halfspace.h
-- Installing: /home/hemanth_patel/catkin_ws_4/devel/include/fcl/narrowphase/detail/primitive_shape_algorithm/sphere_triangle-inl.h
-- Installing: /home/hemanth_patel/catkin_ws_4/devel/include/fcl/narrowphase/detail/primitive_shape_algorithm/sphere_capsule-inl.h
-- Installing: /home/hemanth_patel/catkin_ws_4/devel/include/fcl/narrowphase/detail/primitive_shape_algorithm/box_box-inl.h
-- Installing: /home/hemanth_patel/catkin_ws_4/devel/include/fcl/narrowphase/detail/primitive_shape_algorithm/sphere_sphere-inl.h
-- Installing: /home/hemanth_patel/catkin_ws_4/devel/include/fcl/narrowphase/detail/primitive_shape_algorithm/capsule_capsule-inl.h
-- Installing: /home/hemanth_patel/catkin_ws_4/devel/include/fcl/narrowphase/detail/primitive_shape_algorithm/triangle_distance.h
-- Installing: /home/hemanth_patel/catkin_ws_4/devel/include/fcl/narrowphase/detail/primitive_shape_algorithm/sphere_sphere.h
-- Installing: /home/hemanth_patel/catkin_ws_4/devel/include/fcl/narrowphase/detail/primitive_shape_algorithm/triangle_distance-inl.h
-- Installing: /home/hemanth_patel/catkin_ws_4/devel/include/fcl/narrowphase/detail/primitive_shape_algorithm/halfspace-inl.h
-- Installing: /home/hemanth_patel/catkin_ws_4/devel/include/fcl/narrowphase/detail/primitive_shape_algorithm/plane.h
-- Installing: /home/hemanth_patel/catkin_ws_4/devel/include/fcl/narrowphase/detail/primitive_shape_algorithm/sphere_cylinder.h
-- Installing: /home/hemanth_patel/catkin_ws_4/devel/include/fcl/narrowphase/detail/primitive_shape_algorithm/sphere_box.h
-- Installing: /home/hemanth_patel/catkin_ws_4/devel/include/fcl/narrowphase/detail/primitive_shape_algorithm/sphere_triangle.h
-- Installing: /home/hemanth_patel/catkin_ws_4/devel/include/fcl/narrowphase/detail/primitive_shape_algorithm/sphere_capsule.h
-- Installing: /home/hemanth_patel/catkin_ws_4/devel/include/fcl/narrowphase/detail/primitive_shape_algorithm/plane-inl.h
-- Installing: /home/hemanth_patel/catkin_ws_4/devel/include/fcl/narrowphase/detail/primitive_shape_algorithm/box_box.h
-- Installing: /home/hemanth_patel/catkin_ws_4/devel/include/fcl/narrowphase/detail/primitive_shape_algorithm/sphere_cylinder-inl.h
-- Installing: /home/hemanth_patel/catkin_ws_4/devel/include/fcl/narrowphase/detail/primitive_shape_algorithm/capsule_capsule.h
-- Installing: /home/hemanth_patel/catkin_ws_4/devel/include/fcl/narrowphase/detail/primitive_shape_algorithm/sphere_box-inl.h
-- Installing: /home/hemanth_patel/catkin_ws_4/devel/include/fcl/narrowphase/detail/conservative_advancement_func_matrix-inl.h
-- Installing: /home/hemanth_patel/catkin_ws_4/devel/include/fcl/narrowphase/detail/collision_func_matrix-inl.h
-- Installing: /home/hemanth_patel/catkin_ws_4/devel/include/fcl/narrowphase/detail/gjk_solver_indep-inl.h
-- Installing: /home/hemanth_patel/catkin_ws_4/devel/include/fcl/narrowphase/detail/convexity_based_algorithm
-- Installing: /home/hemanth_patel/catkin_ws_4/devel/include/fcl/narrowphase/detail/convexity_based_algorithm/simplex.h
-- Installing: /home/hemanth_patel/catkin_ws_4/devel/include/fcl/narrowphase/detail/convexity_based_algorithm/gjk.h
-- Installing: /home/hemanth_patel/catkin_ws_4/devel/include/fcl/narrowphase/detail/convexity_based_algorithm/minkowski_diff-inl.h
-- Installing: /home/hemanth_patel/catkin_ws_4/devel/include/fcl/narrowphase/detail/convexity_based_algorithm/alloc.h
-- Installing: /home/hemanth_patel/catkin_ws_4/devel/include/fcl/narrowphase/detail/convexity_based_algorithm/minkowski_diff.h
-- Installing: /home/hemanth_patel/catkin_ws_4/devel/include/fcl/narrowphase/detail/convexity_based_algorithm/gjk-inl.h
-- Installing: /home/hemanth_patel/catkin_ws_4/devel/include/fcl/narrowphase/detail/convexity_based_algorithm/support.h
-- Installing: /home/hemanth_patel/catkin_ws_4/devel/include/fcl/narrowphase/detail/convexity_based_algorithm/polytope.h
-- Installing: /home/hemanth_patel/catkin_ws_4/devel/include/fcl/narrowphase/detail/convexity_based_algorithm/epa.h
-- Installing: /home/hemanth_patel/catkin_ws_4/devel/include/fcl/narrowphase/detail/convexity_based_algorithm/gjk_libccd-inl.h
-- Installing: /home/hemanth_patel/catkin_ws_4/devel/include/fcl/narrowphase/detail/convexity_based_algorithm/epa-inl.h
-- Installing: /home/hemanth_patel/catkin_ws_4/devel/include/fcl/narrowphase/detail/convexity_based_algorithm/list.h
-- Installing: /home/hemanth_patel/catkin_ws_4/devel/include/fcl/narrowphase/detail/convexity_based_algorithm/gjk_libccd.h
-- Installing: /home/hemanth_patel/catkin_ws_4/devel/include/fcl/narrowphase/detail/collision_func_matrix.h
-- Installing: /home/hemanth_patel/catkin_ws_4/devel/include/fcl/narrowphase/detail/distance_func_matrix-inl.h
-- Installing: /home/hemanth_patel/catkin_ws_4/devel/include/fcl/narrowphase/distance-inl.h
-- Installing: /home/hemanth_patel/catkin_ws_4/devel/include/fcl/narrowphase/gjk_solver_type.h
-- Installing: /home/hemanth_patel/catkin_ws_4/devel/include/fcl/narrowphase/distance_request-inl.h
-- Installing: /home/hemanth_patel/catkin_ws_4/devel/include/fcl/narrowphase/distance.h
-- Installing: /home/hemanth_patel/catkin_ws_4/devel/include/fcl/narrowphase/continuous_collision_request-inl.h
-- Installing: /home/hemanth_patel/catkin_ws_4/devel/include/fcl/narrowphase/collision_result-inl.h
-- Installing: /home/hemanth_patel/catkin_ws_4/devel/include/fcl/narrowphase/cost_source.h
-- Installing: /home/hemanth_patel/catkin_ws_4/devel/include/fcl/narrowphase/collision_result.h
-- Installing: /home/hemanth_patel/catkin_ws_4/devel/include/fcl/narrowphase/continuous_collision_result.h
-- Installing: /home/hemanth_patel/catkin_ws_4/devel/include/fcl/narrowphase/collision_request.h
-- Installing: /home/hemanth_patel/catkin_ws_4/devel/include/fcl/narrowphase/cost_source-inl.h
-- Installing: /home/hemanth_patel/catkin_ws_4/devel/include/fcl/narrowphase/continuous_collision.h
-- Installing: /home/hemanth_patel/catkin_ws_4/devel/include/fcl/narrowphase/continuous_collision_object.h
-- Installing: /home/hemanth_patel/catkin_ws_4/devel/include/fcl/narrowphase/distance_result.h
-- Installing: /home/hemanth_patel/catkin_ws_4/devel/include/fcl/narrowphase/collision_object-inl.h
-- Installing: /home/hemanth_patel/catkin_ws_4/devel/include/fcl/narrowphase/continuous_collision_object-inl.h
-- Installing: /home/hemanth_patel/catkin_ws_4/devel/include/fcl/broadphase
-- Installing: /home/hemanth_patel/catkin_ws_4/devel/include/fcl/broadphase/broadphase_bruteforce.h
-- Installing: /home/hemanth_patel/catkin_ws_4/devel/include/fcl/broadphase/broadphase_dynamic_AABB_tree_array.h
-- Installing: /home/hemanth_patel/catkin_ws_4/devel/include/fcl/broadphase/broadphase_interval_tree-inl.h
-- Installing: /home/hemanth_patel/catkin_ws_4/devel/include/fcl/broadphase/broadphase_interval_tree.h
-- Installing: /home/hemanth_patel/catkin_ws_4/devel/include/fcl/broadphase/broadphase_spatialhash.h
-- Installing: /home/hemanth_patel/catkin_ws_4/devel/include/fcl/broadphase/broadphase_dynamic_AABB_tree_array-inl.h
-- Installing: /home/hemanth_patel/catkin_ws_4/devel/include/fcl/broadphase/broadphase_continuous_collision_manager.h
-- Installing: /home/hemanth_patel/catkin_ws_4/devel/include/fcl/broadphase/broadphase_SaP.h
-- Installing: /home/hemanth_patel/catkin_ws_4/devel/include/fcl/broadphase/detail
-- Installing: /home/hemanth_patel/catkin_ws_4/devel/include/fcl/broadphase/detail/node_base.h
-- Installing: /home/hemanth_patel/catkin_ws_4/devel/include/fcl/broadphase/detail/hierarchy_tree-inl.h
-- Installing: /home/hemanth_patel/catkin_ws_4/devel/include/fcl/broadphase/detail/spatial_hash-inl.h
-- Installing: /home/hemanth_patel/catkin_ws_4/devel/include/fcl/broadphase/detail/morton-inl.h
-- Installing: /home/hemanth_patel/catkin_ws_4/devel/include/fcl/broadphase/detail/simple_interval.h
-- Installing: /home/hemanth_patel/catkin_ws_4/devel/include/fcl/broadphase/detail/node_base-inl.h
-- Installing: /home/hemanth_patel/catkin_ws_4/devel/include/fcl/broadphase/detail/simple_hash_table-inl.h
-- Installing: /home/hemanth_patel/catkin_ws_4/devel/include/fcl/broadphase/detail/interval_tree_node.h
-- Installing: /home/hemanth_patel/catkin_ws_4/devel/include/fcl/broadphase/detail/hierarchy_tree_array-inl.h
-- Installing: /home/hemanth_patel/catkin_ws_4/devel/include/fcl/broadphase/detail/node_base_array-inl.h
-- Installing: /home/hemanth_patel/catkin_ws_4/devel/include/fcl/broadphase/detail/hierarchy_tree_array.h
-- Installing: /home/hemanth_patel/catkin_ws_4/devel/include/fcl/broadphase/detail/interval_tree.h
-- Installing: /home/hemanth_patel/catkin_ws_4/devel/include/fcl/broadphase/detail/hierarchy_tree.h
-- Installing: /home/hemanth_patel/catkin_ws_4/devel/include/fcl/broadphase/detail/simple_hash_table.h
-- Installing: /home/hemanth_patel/catkin_ws_4/devel/include/fcl/broadphase/detail/spatial_hash.h
-- Installing: /home/hemanth_patel/catkin_ws_4/devel/include/fcl/broadphase/detail/sparse_hash_table-inl.h
-- Installing: /home/hemanth_patel/catkin_ws_4/devel/include/fcl/broadphase/detail/node_base_array.h
-- Installing: /home/hemanth_patel/catkin_ws_4/devel/include/fcl/broadphase/detail/interval_tree-inl.h
-- Installing: /home/hemanth_patel/catkin_ws_4/devel/include/fcl/broadphase/detail/sparse_hash_table.h
-- Installing: /home/hemanth_patel/catkin_ws_4/devel/include/fcl/broadphase/detail/morton.h
-- Installing: /home/hemanth_patel/catkin_ws_4/devel/include/fcl/broadphase/detail/simple_interval-inl.h
-- Installing: /home/hemanth_patel/catkin_ws_4/devel/include/fcl/broadphase/detail/interval_tree_node-inl.h
-- Installing: /home/hemanth_patel/catkin_ws_4/devel/include/fcl/broadphase/broadphase_SSaP.h
-- Installing: /home/hemanth_patel/catkin_ws_4/devel/include/fcl/broadphase/broadphase_spatialhash-inl.h
-- Installing: /home/hemanth_patel/catkin_ws_4/devel/include/fcl/broadphase/broadphase_collision_manager-inl.h
-- Installing: /home/hemanth_patel/catkin_ws_4/devel/include/fcl/broadphase/broadphase_dynamic_AABB_tree.h
-- Installing: /home/hemanth_patel/catkin_ws_4/devel/include/fcl/broadphase/broadphase_continuous_collision_manager-inl.h
-- Installing: /home/hemanth_patel/catkin_ws_4/devel/include/fcl/broadphase/default_broadphase_callbacks.h
-- Installing: /home/hemanth_patel/catkin_ws_4/devel/include/fcl/broadphase/broadphase_SSaP-inl.h
-- Installing: /home/hemanth_patel/catkin_ws_4/devel/include/fcl/broadphase/broadphase_SaP-inl.h
-- Installing: /home/hemanth_patel/catkin_ws_4/devel/include/fcl/broadphase/broadphase_bruteforce-inl.h
-- Installing: /home/hemanth_patel/catkin_ws_4/devel/include/fcl/broadphase/broadphase_dynamic_AABB_tree-inl.h
-- Installing: /home/hemanth_patel/catkin_ws_4/devel/include/fcl/broadphase/broadphase_collision_manager.h
-- Installing: /home/hemanth_patel/catkin_ws_4/devel/include/fcl/math
-- Installing: /home/hemanth_patel/catkin_ws_4/devel/include/fcl/math/motion
-- Installing: /home/hemanth_patel/catkin_ws_4/devel/include/fcl/math/motion/motion_base-inl.h
-- Installing: /home/hemanth_patel/catkin_ws_4/devel/include/fcl/math/motion/screw_motion.h
-- Installing: /home/hemanth_patel/catkin_ws_4/devel/include/fcl/math/motion/spline_motion.h
-- Installing: /home/hemanth_patel/catkin_ws_4/devel/include/fcl/math/motion/interp_motion-inl.h
-- Installing: /home/hemanth_patel/catkin_ws_4/devel/include/fcl/math/motion/interp_motion.h
-- Installing: /home/hemanth_patel/catkin_ws_4/devel/include/fcl/math/motion/triangle_motion_bound_visitor-inl.h
-- Installing: /home/hemanth_patel/catkin_ws_4/devel/include/fcl/math/motion/motion_base.h
-- Installing: /home/hemanth_patel/catkin_ws_4/devel/include/fcl/math/motion/translation_motion-inl.h
-- Installing: /home/hemanth_patel/catkin_ws_4/devel/include/fcl/math/motion/spline_motion-inl.h
-- Installing: /home/hemanth_patel/catkin_ws_4/devel/include/fcl/math/motion/taylor_model
-- Installing: /home/hemanth_patel/catkin_ws_4/devel/include/fcl/math/motion/taylor_model/taylor_vector.h
-- Installing: /home/hemanth_patel/catkin_ws_4/devel/include/fcl/math/motion/taylor_model/interval_vector.h
-- Installing: /home/hemanth_patel/catkin_ws_4/devel/include/fcl/math/motion/taylor_model/time_interval-inl.h
-- Installing: /home/hemanth_patel/catkin_ws_4/devel/include/fcl/math/motion/taylor_model/taylor_matrix.h
-- Installing: /home/hemanth_patel/catkin_ws_4/devel/include/fcl/math/motion/taylor_model/interval_matrix.h
-- Installing: /home/hemanth_patel/catkin_ws_4/devel/include/fcl/math/motion/taylor_model/taylor_model.h
-- Installing: /home/hemanth_patel/catkin_ws_4/devel/include/fcl/math/motion/taylor_model/interval_matrix-inl.h
-- Installing: /home/hemanth_patel/catkin_ws_4/devel/include/fcl/math/motion/taylor_model/interval-inl.h
-- Installing: /home/hemanth_patel/catkin_ws_4/devel/include/fcl/math/motion/taylor_model/interval_vector-inl.h
-- Installing: /home/hemanth_patel/catkin_ws_4/devel/include/fcl/math/motion/taylor_model/taylor_matrix-inl.h
-- Installing: /home/hemanth_patel/catkin_ws_4/devel/include/fcl/math/motion/taylor_model/time_interval.h
-- Installing: /home/hemanth_patel/catkin_ws_4/devel/include/fcl/math/motion/taylor_model/taylor_model-inl.h
-- Installing: /home/hemanth_patel/catkin_ws_4/devel/include/fcl/math/motion/taylor_model/interval.h
-- Installing: /home/hemanth_patel/catkin_ws_4/devel/include/fcl/math/motion/taylor_model/taylor_vector-inl.h
-- Installing: /home/hemanth_patel/catkin_ws_4/devel/include/fcl/math/motion/translation_motion.h
-- Installing: /home/hemanth_patel/catkin_ws_4/devel/include/fcl/math/motion/screw_motion-inl.h
-- Installing: /home/hemanth_patel/catkin_ws_4/devel/include/fcl/math/motion/bv_motion_bound_visitor.h
-- Installing: /home/hemanth_patel/catkin_ws_4/devel/include/fcl/math/motion/triangle_motion_bound_visitor.h
-- Installing: /home/hemanth_patel/catkin_ws_4/devel/include/fcl/math/motion/tbv_motion_bound_visitor.h
-- Installing: /home/hemanth_patel/catkin_ws_4/devel/include/fcl/math/motion/tbv_motion_bound_visitor-inl.h
-- Installing: /home/hemanth_patel/catkin_ws_4/devel/include/fcl/math/variance3.h
-- Installing: /home/hemanth_patel/catkin_ws_4/devel/include/fcl/math/geometry-inl.h
-- Installing: /home/hemanth_patel/catkin_ws_4/devel/include/fcl/math/rng-inl.h
-- Installing: /home/hemanth_patel/catkin_ws_4/devel/include/fcl/math/bv
-- Installing: /home/hemanth_patel/catkin_ws_4/devel/include/fcl/math/bv/AABB.h
-- Installing: /home/hemanth_patel/catkin_ws_4/devel/include/fcl/math/bv/AABB-inl.h
-- Installing: /home/hemanth_patel/catkin_ws_4/devel/include/fcl/math/bv/OBBRSS.h
-- Installing: /home/hemanth_patel/catkin_ws_4/devel/include/fcl/math/bv/RSS-inl.h
-- Installing: /home/hemanth_patel/catkin_ws_4/devel/include/fcl/math/bv/OBBRSS-inl.h
-- Installing: /home/hemanth_patel/catkin_ws_4/devel/include/fcl/math/bv/kDOP.h
-- Installing: /home/hemanth_patel/catkin_ws_4/devel/include/fcl/math/bv/OBB-inl.h
-- Installing: /home/hemanth_patel/catkin_ws_4/devel/include/fcl/math/bv/RSS.h
-- Installing: /home/hemanth_patel/catkin_ws_4/devel/include/fcl/math/bv/kDOP-inl.h
-- Installing: /home/hemanth_patel/catkin_ws_4/devel/include/fcl/math/bv/kIOS.h
-- Installing: /home/hemanth_patel/catkin_ws_4/devel/include/fcl/math/bv/utility.h
-- Installing: /home/hemanth_patel/catkin_ws_4/devel/include/fcl/math/bv/OBB.h
-- Installing: /home/hemanth_patel/catkin_ws_4/devel/include/fcl/math/bv/kIOS-inl.h
-- Installing: /home/hemanth_patel/catkin_ws_4/devel/include/fcl/math/bv/utility-inl.h
-- Installing: /home/hemanth_patel/catkin_ws_4/devel/include/fcl/math/detail
-- Installing: /home/hemanth_patel/catkin_ws_4/devel/include/fcl/math/detail/polysolver.h
-- Installing: /home/hemanth_patel/catkin_ws_4/devel/include/fcl/math/detail/polysolver-inl.h
-- Installing: /home/hemanth_patel/catkin_ws_4/devel/include/fcl/math/detail/project.h
-- Installing: /home/hemanth_patel/catkin_ws_4/devel/include/fcl/math/detail/seed.h
-- Installing: /home/hemanth_patel/catkin_ws_4/devel/include/fcl/math/detail/project-inl.h
-- Installing: /home/hemanth_patel/catkin_ws_4/devel/include/fcl/math/geometry.h
-- Installing: /home/hemanth_patel/catkin_ws_4/devel/include/fcl/math/triangle.h
-- Installing: /home/hemanth_patel/catkin_ws_4/devel/include/fcl/math/rng.h
-- Installing: /home/hemanth_patel/catkin_ws_4/devel/include/fcl/math/constants.h
-- Installing: /home/hemanth_patel/catkin_ws_4/devel/include/fcl/math/sampler
-- Installing: /home/hemanth_patel/catkin_ws_4/devel/include/fcl/math/sampler/sampler_se2-inl.h
-- Installing: /home/hemanth_patel/catkin_ws_4/devel/include/fcl/math/sampler/sampler_se3_euler-inl.h
-- Installing: /home/hemanth_patel/catkin_ws_4/devel/include/fcl/math/sampler/sampler_base.h
-- Installing: /home/hemanth_patel/catkin_ws_4/devel/include/fcl/math/sampler/sampler_se3_quat.h
-- Installing: /home/hemanth_patel/catkin_ws_4/devel/include/fcl/math/sampler/sampler_r-inl.h
-- Installing: /home/hemanth_patel/catkin_ws_4/devel/include/fcl/math/sampler/sampler_se2_disk.h
-- Installing: /home/hemanth_patel/catkin_ws_4/devel/include/fcl/math/sampler/sampler_se3_quat-inl.h
-- Installing: /home/hemanth_patel/catkin_ws_4/devel/include/fcl/math/sampler/sampler_se3_euler_ball-inl.h
-- Installing: /home/hemanth_patel/catkin_ws_4/devel/include/fcl/math/sampler/sampler_se3_euler_ball.h
-- Installing: /home/hemanth_patel/catkin_ws_4/devel/include/fcl/math/sampler/sampler_se2_disk-inl.h
-- Installing: /home/hemanth_patel/catkin_ws_4/devel/include/fcl/math/sampler/sampler_r.h
-- Installing: /home/hemanth_patel/catkin_ws_4/devel/include/fcl/math/sampler/sampler_se3_quat_ball-inl.h
-- Installing: /home/hemanth_patel/catkin_ws_4/devel/include/fcl/math/sampler/sampler_se3_euler.h
-- Installing: /home/hemanth_patel/catkin_ws_4/devel/include/fcl/math/sampler/sampler_se3_quat_ball.h
-- Installing: /home/hemanth_patel/catkin_ws_4/devel/include/fcl/math/sampler/sampler_se2.h
-- Installing: /home/hemanth_patel/catkin_ws_4/devel/include/fcl/math/variance3-inl.h
