[35m[1mScanning dependencies of target dynamicedt3d-static[0m
[ 10%] [32mBuilding CXX object src/CMakeFiles/dynamicedt3d-static.dir/dynamicEDT3D.cpp.o[0m
[ 20%] [32m[1mLinking CXX static library /home/hemanth_patel/catkin_ws_4/src/octomap/dynamicEDT3D/lib/libdynamicedt3d.a[0m
[ 20%] Built target dynamicedt3d-static
[35m[1mScanning dependencies of target dynamicedt3d[0m
[ 30%] [32mBuilding CXX object src/CMakeFiles/dynamicedt3d.dir/dynamicEDT3D.cpp.o[0m
[ 40%] [32m[1mLinking CXX shared library /home/hemanth_patel/catkin_ws_4/src/octomap/dynamicEDT3D/lib/libdynamicedt3d.so[0m
[ 40%] Built target dynamicedt3d
[35m[1mScanning dependencies of target exampleEDTOctomapStamped[0m
[ 50%] [32mBuilding CXX object src/examples/CMakeFiles/exampleEDTOctomapStamped.dir/exampleEDTOctomapStamped.cpp.o[0m
[ 60%] [32m[1mLinking CXX executable /home/hemanth_patel/catkin_ws_4/src/octomap/dynamicEDT3D/bin/exampleEDTOctomapStamped[0m
[ 60%] Built target exampleEDTOctomapStamped
[35m[1mScanning dependencies of target exampleEDTOctomap[0m
[ 70%] [32mBuilding CXX object src/examples/CMakeFiles/exampleEDTOctomap.dir/exampleEDTOctomap.cpp.o[0m
[ 80%] [32m[1mLinking CXX executable /home/hemanth_patel/catkin_ws_4/src/octomap/dynamicEDT3D/bin/exampleEDTOctomap[0m
[ 80%] Built target exampleEDTOctomap
[35m[1mScanning dependencies of target exampleEDT3D[0m
[ 90%] [32mBuilding CXX object src/examples/CMakeFiles/exampleEDT3D.dir/exampleEDT3D.cpp.o[0m
[100%] [32m[1mLinking CXX executable /home/hemanth_patel/catkin_ws_4/src/octomap/dynamicEDT3D/bin/exampleEDT3D[0m
[100%] Built target exampleEDT3D
